app/build/outputs/logs/manifest-merger-debug-report.txt
-- Merging decision tree log ---
manifest
ADDED from src/main/AndroidManifest.xml:3:1-375:12
	xmlns:android
		ADDED from src/main/AndroidManifest.xml:3:11-69
	package
		ADDED from src/main/AndroidManifest.xml:4:96-122
		INJECTED from src/main/AndroidManifest.xml
		INJECTED from src/main/AndroidManifest.xml
	android:versionName
		ADDED from src/main/AndroidManifest.xml:4:38-70
		INJECTED from src/main/AndroidManifest.xml
		INJECTED from src/main/AndroidManifest.xml
	android:versionCode
		ADDED from src/main/AndroidManifest.xml:4:71-95
		INJECTED from src/main/AndroidManifest.xml
		INJECTED from src/main/AndroidManifest.xml
	android:installLocation
		ADDED from src/main/AndroidManifest.xml:4:7-37
application
ADDED from src/main/AndroidManifest.xml:5:4-373:19
	android:label
		ADDED from src/main/AndroidManifest.xml:6:11-43
	android:icon
		ADDED from src/main/AndroidManifest.xml:5:17-46
	android:theme
		ADDED from src/main/AndroidManifest.xml:7:8-55
activity#dehli.subway.map.Menu1_Errora
ADDED from src/main/AndroidManifest.xml:11:8-21:20
	android:screenOrientation
		ADDED from src/main/AndroidManifest.xml:13:13-49
	android:label
		ADDED from src/main/AndroidManifest.xml:15:13-45
	android:theme
		ADDED from src/main/AndroidManifest.xml:14:13-60
	android:name
		ADDED from src/main/AndroidManifest.xml:12:13-57
intent-filter#android.intent.action.oldMAIN+android.intent.category.oldLAUNCHER
ADDED from src/main/AndroidManifest.xml:16:13-20:29
action#android.intent.action.oldMAIN
ADDED from src/main/AndroidManifest.xml:17:17-72
	android:name
		ADDED from src/main/AndroidManifest.xml:17:25-69
category#android.intent.category.oldLAUNCHER
ADDED from src/main/AndroidManifest.xml:19:17-80
	android:name
		ADDED from src/main/AndroidManifest.xml:19:27-77
activity#dehli.subway.map.Menu1_error
ADDED from src/main/AndroidManifest.xml:22:16-32:20
	android:screenOrientation
		ADDED from src/main/AndroidManifest.xml:24:13-49
	android:label
		ADDED from src/main/AndroidManifest.xml:26:13-45
	android:theme
		ADDED from src/main/AndroidManifest.xml:25:13-60
	android:name
		ADDED from src/main/AndroidManifest.xml:23:13-56
activity#dehli.subway.map.Menu2_error
ADDED from src/main/AndroidManifest.xml:33:24-43:20
	android:screenOrientation
		ADDED from src/main/AndroidManifest.xml:35:13-49
	android:label
		ADDED from src/main/AndroidManifest.xml:37:13-45
	android:theme
		ADDED from src/main/AndroidManifest.xml:36:13-60
	android:name
		ADDED from src/main/AndroidManifest.xml:34:13-56
activity#dehli.subway.map.Menu3_error
ADDED from src/main/AndroidManifest.xml:44:24-54:20
	android:screenOrientation
		ADDED from src/main/AndroidManifest.xml:46:13-49
	android:label
		ADDED from src/main/AndroidManifest.xml:48:13-45
	android:theme
		ADDED from src/main/AndroidManifest.xml:47:13-60
	android:name
		ADDED from src/main/AndroidManifest.xml:45:13-56
activity#dehli.subway.map.Menu4_error
ADDED from src/main/AndroidManifest.xml:55:24-65:20
	android:screenOrientation
		ADDED from src/main/AndroidManifest.xml:57:13-49
	android:label
		ADDED from src/main/AndroidManifest.xml:59:13-45
	android:theme
		ADDED from src/main/AndroidManifest.xml:58:13-60
	android:name
		ADDED from src/main/AndroidManifest.xml:56:13-56
activity#dehli.subway.map.Menu5_error
ADDED from src/main/AndroidManifest.xml:66:24-76:20
	android:screenOrientation
		ADDED from src/main/AndroidManifest.xml:68:13-49
	android:label
		ADDED from src/main/AndroidManifest.xml:70:13-45
	android:theme
		ADDED from src/main/AndroidManifest.xml:69:13-60
	android:name
		ADDED from src/main/AndroidManifest.xml:67:13-56
activity#dehli.subway.map.Menu6_error
ADDED from src/main/AndroidManifest.xml:77:24-87:20
	android:screenOrientation
		ADDED from src/main/AndroidManifest.xml:79:13-49
	android:label
		ADDED from src/main/AndroidManifest.xml:81:13-45
	android:theme
		ADDED from src/main/AndroidManifest.xml:80:13-60
	android:name
		ADDED from src/main/AndroidManifest.xml:78:13-56
activity#dehli.subway.map.Menu7_error
ADDED from src/main/AndroidManifest.xml:88:24-98:20
	android:screenOrientation
		ADDED from src/main/AndroidManifest.xml:90:13-49
	android:label
		ADDED from src/main/AndroidManifest.xml:92:13-45
	android:theme
		ADDED from src/main/AndroidManifest.xml:91:13-60
	android:name
		ADDED from src/main/AndroidManifest.xml:89:13-56
activity#dehli.subway.map.Menu8_error
ADDED from src/main/AndroidManifest.xml:99:32-109:20
	android:screenOrientation
		ADDED from src/main/AndroidManifest.xml:101:13-49
	android:label
		ADDED from src/main/AndroidManifest.xml:103:13-45
	android:theme
		ADDED from src/main/AndroidManifest.xml:102:13-60
	android:name
		ADDED from src/main/AndroidManifest.xml:100:13-56
activity#dehli.subway.map.Menu9_error
ADDED from src/main/AndroidManifest.xml:110:32-120:20
	android:screenOrientation
		ADDED from src/main/AndroidManifest.xml:112:13-49
	android:label
		ADDED from src/main/AndroidManifest.xml:114:13-45
	android:theme
		ADDED from src/main/AndroidManifest.xml:113:13-60
	android:name
		ADDED from src/main/AndroidManifest.xml:111:13-56
activity#dehli.subway.map.Phone_Numbers
ADDED from src/main/AndroidManifest.xml:121:17-124:15
	android:screenOrientation
		ADDED from src/main/AndroidManifest.xml:122:13-49
	android:theme
		ADDED from src/main/AndroidManifest.xml:123:13-60
	android:name
		ADDED from src/main/AndroidManifest.xml:121:27-56
activity#dehli.subway.map.RSSFeeder
ADDED from src/main/AndroidManifest.xml:125:16-135:20
	android:screenOrientation
		ADDED from src/main/AndroidManifest.xml:127:19-55
	android:label
		ADDED from src/main/AndroidManifest.xml:129:19-51
	android:theme
		ADDED from src/main/AndroidManifest.xml:128:19-66
	android:name
		ADDED from src/main/AndroidManifest.xml:125:26-51
activity#dehli.subway.map.WebCamShow
ADDED from src/main/AndroidManifest.xml:136:17-147:20
	android:screenOrientation
		ADDED from src/main/AndroidManifest.xml:140:13-49
	android:label
		ADDED from src/main/AndroidManifest.xml:141:13-45
	android:theme
		ADDED from src/main/AndroidManifest.xml:138:13-60
	android:name
		ADDED from src/main/AndroidManifest.xml:137:13-39
intent-filter#android.intent.action.MAINold+android.intent.category.LAUNCHERold
ADDED from src/main/AndroidManifest.xml:142:13-146:29
action#android.intent.action.MAINold
ADDED from src/main/AndroidManifest.xml:143:17-72
	android:name
		ADDED from src/main/AndroidManifest.xml:143:25-69
category#android.intent.category.LAUNCHERold
ADDED from src/main/AndroidManifest.xml:145:17-80
	android:name
		ADDED from src/main/AndroidManifest.xml:145:27-77
activity#dehli.subway.map.Menu5
ADDED from src/main/AndroidManifest.xml:148:33-159:20
	android:screenOrientation
		ADDED from src/main/AndroidManifest.xml:152:13-49
	android:label
		ADDED from src/main/AndroidManifest.xml:153:13-45
	android:theme
		ADDED from src/main/AndroidManifest.xml:150:13-60
	android:name
		ADDED from src/main/AndroidManifest.xml:149:13-34
activity#dehli.subway.map.Menu6
ADDED from src/main/AndroidManifest.xml:160:33-170:20
	android:screenOrientation
		ADDED from src/main/AndroidManifest.xml:164:13-49
	android:label
		ADDED from src/main/AndroidManifest.xml:165:13-45
	android:theme
		ADDED from src/main/AndroidManifest.xml:162:13-60
	android:name
		ADDED from src/main/AndroidManifest.xml:161:13-34
activity#dehli.subway.map.Menu9
ADDED from src/main/AndroidManifest.xml:171:25-182:20
	android:screenOrientation
		ADDED from src/main/AndroidManifest.xml:175:13-49
	android:label
		ADDED from src/main/AndroidManifest.xml:176:13-45
	android:theme
		ADDED from src/main/AndroidManifest.xml:173:13-60
	android:name
		ADDED from src/main/AndroidManifest.xml:172:13-34
activity#dehli.subway.map.Menu10
ADDED from src/main/AndroidManifest.xml:183:41-194:20
	android:screenOrientation
		ADDED from src/main/AndroidManifest.xml:187:13-49
	android:label
		ADDED from src/main/AndroidManifest.xml:188:13-45
	android:theme
		ADDED from src/main/AndroidManifest.xml:185:13-60
	android:name
		ADDED from src/main/AndroidManifest.xml:184:13-35
activity#dehli.subway.map.Menu11
ADDED from src/main/AndroidManifest.xml:195:1-204:12
	android:screenOrientation
		ADDED from src/main/AndroidManifest.xml:198:13-49
	android:label
		ADDED from src/main/AndroidManifest.xml:199:13-45
	android:theme
		ADDED from src/main/AndroidManifest.xml:197:13-60
	android:name
		ADDED from src/main/AndroidManifest.xml:196:13-35
activity#dehli.subway.map.Menu12
ADDED from src/main/AndroidManifest.xml:205:1-214:12
	android:screenOrientation
		ADDED from src/main/AndroidManifest.xml:208:13-49
	android:label
		ADDED from src/main/AndroidManifest.xml:209:13-45
	android:theme
		ADDED from src/main/AndroidManifest.xml:207:13-60
	android:name
		ADDED from src/main/AndroidManifest.xml:206:13-35
activity#dehli.subway.map.Menu13
ADDED from src/main/AndroidManifest.xml:215:1-224:12
	android:screenOrientation
		ADDED from src/main/AndroidManifest.xml:218:13-49
	android:label
		ADDED from src/main/AndroidManifest.xml:219:13-45
	android:theme
		ADDED from src/main/AndroidManifest.xml:217:13-60
	android:name
		ADDED from src/main/AndroidManifest.xml:216:13-35
activity#dehli.subway.map.Menu14
ADDED from src/main/AndroidManifest.xml:225:1-234:12
	android:screenOrientation
		ADDED from src/main/AndroidManifest.xml:228:13-49
	android:label
		ADDED from src/main/AndroidManifest.xml:229:13-45
	android:theme
		ADDED from src/main/AndroidManifest.xml:227:13-60
	android:name
		ADDED from src/main/AndroidManifest.xml:226:13-35
activity#dehli.subway.map.Menu15
ADDED from src/main/AndroidManifest.xml:235:1-244:12
	android:screenOrientation
		ADDED from src/main/AndroidManifest.xml:238:13-49
	android:label
		ADDED from src/main/AndroidManifest.xml:239:13-45
	android:theme
		ADDED from src/main/AndroidManifest.xml:237:13-60
	android:name
		ADDED from src/main/AndroidManifest.xml:236:13-35
activity#dehli.subway.map.Menu16
ADDED from src/main/AndroidManifest.xml:245:1-254:12
	android:screenOrientation
		ADDED from src/main/AndroidManifest.xml:248:13-49
	android:label
		ADDED from src/main/AndroidManifest.xml:249:13-45
	android:theme
		ADDED from src/main/AndroidManifest.xml:247:13-60
	android:name
		ADDED from src/main/AndroidManifest.xml:246:13-35
activity#dehli.subway.map.Menu17
ADDED from src/main/AndroidManifest.xml:255:1-264:12
	android:screenOrientation
		ADDED from src/main/AndroidManifest.xml:258:13-49
	android:label
		ADDED from src/main/AndroidManifest.xml:259:13-45
	android:theme
		ADDED from src/main/AndroidManifest.xml:257:13-60
	android:name
		ADDED from src/main/AndroidManifest.xml:256:13-35
activity#dehli.subway.map.Menu18
ADDED from src/main/AndroidManifest.xml:265:1-274:12
	android:screenOrientation
		ADDED from src/main/AndroidManifest.xml:268:13-49
	android:label
		ADDED from src/main/AndroidManifest.xml:269:13-45
	android:theme
		ADDED from src/main/AndroidManifest.xml:267:13-60
	android:name
		ADDED from src/main/AndroidManifest.xml:266:13-35
activity#dehli.subway.map.Menu19
ADDED from src/main/AndroidManifest.xml:275:1-284:12
	android:screenOrientation
		ADDED from src/main/AndroidManifest.xml:278:13-49
	android:label
		ADDED from src/main/AndroidManifest.xml:279:13-45
	android:theme
		ADDED from src/main/AndroidManifest.xml:277:13-60
	android:name
		ADDED from src/main/AndroidManifest.xml:276:13-35
activity#dehli.subway.map.Menu20
ADDED from src/main/AndroidManifest.xml:285:1-294:12
	android:screenOrientation
		ADDED from src/main/AndroidManifest.xml:288:13-49
	android:label
		ADDED from src/main/AndroidManifest.xml:289:13-45
	android:theme
		ADDED from src/main/AndroidManifest.xml:287:13-60
	android:name
		ADDED from src/main/AndroidManifest.xml:286:13-35
activity#dehli.subway.map.Menu1
ADDED from src/main/AndroidManifest.xml:296:24-306:20
	android:screenOrientation
		ADDED from src/main/AndroidManifest.xml:299:13-49
	android:label
		ADDED from src/main/AndroidManifest.xml:300:13-45
	android:theme
		ADDED from src/main/AndroidManifest.xml:298:12-59
	android:name
		ADDED from src/main/AndroidManifest.xml:297:13-34
intent-filter#android.intent.action.MAIN+android.intent.category.LAUNCHER
ADDED from src/main/AndroidManifest.xml:301:13-305:29
action#android.intent.action.MAIN
ADDED from src/main/AndroidManifest.xml:302:17-69
	android:name
		ADDED from src/main/AndroidManifest.xml:302:25-66
category#android.intent.category.LAUNCHER
ADDED from src/main/AndroidManifest.xml:304:17-77
	android:name
		ADDED from src/main/AndroidManifest.xml:304:27-74
activity#dehli.subway.map.Menu8
ADDED from src/main/AndroidManifest.xml:307:32-317:20
	android:screenOrientation
		ADDED from src/main/AndroidManifest.xml:310:13-49
	android:label
		ADDED from src/main/AndroidManifest.xml:311:13-29
	android:theme
		ADDED from src/main/AndroidManifest.xml:309:12-59
	android:name
		ADDED from src/main/AndroidManifest.xml:308:13-34
activity#dehli.subway.map.Menu2_Errora
ADDED from src/main/AndroidManifest.xml:318:16-328:20
	android:screenOrientation
		ADDED from src/main/AndroidManifest.xml:320:13-49
	android:label
		ADDED from src/main/AndroidManifest.xml:322:13-45
	android:theme
		ADDED from src/main/AndroidManifest.xml:321:13-60
	android:name
		ADDED from src/main/AndroidManifest.xml:319:13-41
activity#dehli.subway.map.Dashboard
ADDED from src/main/AndroidManifest.xml:329:10-336:20
	android:label
		ADDED from src/main/AndroidManifest.xml:331:19-51
	android:theme
		ADDED from src/main/AndroidManifest.xml:330:9-67
	android:name
		ADDED from src/main/AndroidManifest.xml:329:20-45
intent-filter#android.intent.action.old+android.intent.category.LAUNCHERold
ADDED from src/main/AndroidManifest.xml:332:13-335:29
action#android.intent.action.old
ADDED from src/main/AndroidManifest.xml:333:17-68
	android:name
		ADDED from src/main/AndroidManifest.xml:333:25-65
activity#dehli.subway.map.Menu7
ADDED from src/main/AndroidManifest.xml:337:9-345:20
	android:screenOrientation
		ADDED from src/main/AndroidManifest.xml:338:13-49
	android:label
		ADDED from src/main/AndroidManifest.xml:340:16-48
	android:theme
		ADDED from src/main/AndroidManifest.xml:339:13-60
	android:name
		ADDED from src/main/AndroidManifest.xml:337:19-40
activity#dehli.subway.map.Menu3
ADDED from src/main/AndroidManifest.xml:346:17-354:20
	android:screenOrientation
		ADDED from src/main/AndroidManifest.xml:347:13-49
	android:label
		ADDED from src/main/AndroidManifest.xml:349:16-48
	android:theme
		ADDED from src/main/AndroidManifest.xml:348:13-60
	android:name
		ADDED from src/main/AndroidManifest.xml:346:27-48
activity#dehli.subway.map.Menu4
ADDED from src/main/AndroidManifest.xml:355:17-363:20
	android:screenOrientation
		ADDED from src/main/AndroidManifest.xml:356:13-49
	android:label
		ADDED from src/main/AndroidManifest.xml:358:16-48
	android:theme
		ADDED from src/main/AndroidManifest.xml:357:13-60
	android:name
		ADDED from src/main/AndroidManifest.xml:355:27-48
activity#dehli.subway.map.Menu2
ADDED from src/main/AndroidManifest.xml:364:19-372:21
	android:screenOrientation
		ADDED from src/main/AndroidManifest.xml:365:23-59
	android:label
		ADDED from src/main/AndroidManifest.xml:367:19-51
	android:theme
		ADDED from src/main/AndroidManifest.xml:366:23-70
	android:name
		ADDED from src/main/AndroidManifest.xml:364:29-50
uses-sdk
ADDED from src/main/AndroidManifest.xml:374:5-73
	android:targetSdkVersion
		ADDED from src/main/AndroidManifest.xml:374:42-71
		INJECTED from src/main/AndroidManifest.xml
		INJECTED from src/main/AndroidManifest.xml
	android:minSdkVersion
		ADDED from src/main/AndroidManifest.xml:374:15-41
		INJECTED from src/main/AndroidManifest.xml
		INJECTED from src/main/AndroidManifest.xml